<?xml version="1.0" encoding="UTF-8"?>
<!-- Generated by org.testng.reporters.JUnitReportReporter -->
<testsuite hostname="BOTO20580_9" name="tests.runner.TestRunnerSuit" tests="2" failures="0" timestamp="4 Feb 2021 11:39:01 GMT" time="55.643" errors="0">
  <testcase name="feature" time="40.897" classname="tests.runner.TestRunnerSuit"/>
  <testcase name="feature" time="14.746" classname="tests.runner.TestRunnerSuit"/>
</testsuite> <!-- tests.runner.TestRunnerSuit -->
